[01:51:12] [INIT] KubeJS 2001.6.5-build.16; MC 2001 forge
[01:51:12] [INIT] Loaded plugins:
[01:51:12] [INIT] - dev.latvian.mods.kubejs.forge.BuiltinKubeJSForgePlugin
[01:51:12] [INIT] - net.threetag.palladium.compat.kubejs.PalladiumKubeJSPlugin
[01:51:12] [INFO] example.js#5: Hello, World! (Loaded server scripts)
[01:51:12] [INFO] Loaded script server_scripts:example.js in 0.0 s
[01:51:12] [INFO] Loaded script addonpack_alienevo:kubejs_scripts/xp.js in 0.001 s
[01:51:12] [INFO] Loaded script addonpack_alienevo:kubejs_scripts/workbench_items.js in 0.002 s
[01:51:12] [INFO] Loaded script addonpack_alienevo:kubejs_scripts/workbench.js in 0.015 s
[01:51:12] [INFO] Loaded script addonpack_alienevo:kubejs_scripts/quick_change.js in 0.003 s
[01:51:12] [INFO] Loaded script addonpack_alienevo:kubejs_scripts/pod_loot.js in 0.004 s
[01:51:12] [INFO] Loaded script addonpack_alienevo:kubejs_scripts/playlist_command.js in 0.008 s
[01:51:12] [INFO] Loaded script addonpack_alienevo:kubejs_scripts/palladium_properties.js in 0.0 s
[01:51:12] [INFO] Loaded script addonpack_alienevo:kubejs_scripts/nbt_omnitrix.js in 0.0 s
[01:51:12] [INFO] Loaded script addonpack_alienevo:kubejs_scripts/level_command.js in 0.002 s
[01:51:12] [INFO] Loaded script addonpack_alienevo:kubejs_scripts/hit.js in 0.002 s
[01:51:12] [INFO] Loaded script addonpack_alienevo:kubejs_scripts/flammable_block.js in 0.0 s
[01:51:12] [INFO] Loaded script addonpack_alienevo:kubejs_scripts/failsafe.js in 0.002 s
[01:51:12] [INFO] Loaded script addonpack_alienevo:kubejs_scripts/code_hints.js in 0.002 s
[01:51:12] [INFO] Loaded script addonpack_alienevo:kubejs_scripts/break_block.js in 0.001 s
[01:51:12] [INFO] Loaded script addonpack_alienevo:kubejs_scripts/alien_death.js in 0.0 s
[01:51:12] [INFO] Loaded 16/16 KubeJS server scripts in 0.067 s with 0 errors and 0 warnings
[01:51:12] [INFO] Scripts loaded
[01:51:15] [INFO] [minecraft:item] Found 468 tags, added 3 objects, removed 0 objects
[01:51:15] [INFO] [minecraft:block] Found 402 tags, added 9 objects, removed 0 objects
[01:51:30] [INFO] Server resource reload complete!
